Configuration file: /home/blog/wsjwoods.github.io/_config.yml
            Source: /home/blog/wsjwoods.github.io
       Destination: /home/blog/wsjwoods.github.io/_site
 Incremental build: disabled. Enable with --incremental
      Generating... 
[33m    Liquid Warning: Liquid syntax error (line 50): Unexpected character & in "site.duoshuo_share && site.duoshuo_username" in /_layouts/post.html[0m
[33m    Liquid Warning: Liquid syntax error (line 125): Unexpected character { in "tag[1].size > {{site.featured-condition-size}}" in /_layouts/post.html[0m
[33m    Liquid Warning: Liquid syntax error (line 50): Unexpected character & in "site.duoshuo_share && site.duoshuo_username" in /_layouts/post.html[0m
[33m    Liquid Warning: Liquid syntax error (line 125): Unexpected character { in "tag[1].size > {{site.featured-condition-size}}" in /_layouts/post.html[0m
[33m    Liquid Warning: Liquid syntax error (line 50): Unexpected character & in "site.duoshuo_share && site.duoshuo_username" in /_layouts/post.html[0m
[33m    Liquid Warning: Liquid syntax error (line 125): Unexpected character { in "tag[1].size > {{site.featured-condition-size}}" in /_layouts/post.html[0m
[33m    Liquid Warning: Liquid syntax error (line 58): Unexpected character & in "site.duoshuo_share && site.duoshuo_username" in /_layouts/keynote.html[0m
[33m    Liquid Warning: Liquid syntax error (line 133): Unexpected character { in "tag[1].size > {{site.featured-condition-size}}" in /_layouts/keynote.html[0m
[33m    Liquid Warning: Liquid syntax error (line 50): Unexpected character & in "site.duoshuo_share && site.duoshuo_username" in /_layouts/post.html[0m
[33m    Liquid Warning: Liquid syntax error (line 125): Unexpected character { in "tag[1].size > {{site.featured-condition-size}}" in /_layouts/post.html[0m
[33m    Liquid Warning: Liquid syntax error (line 38): Unexpected character { in "tag[1].size > {{site.featured-condition-size}}" in /_layouts/page.html[0m
[33m    Liquid Warning: Liquid syntax error (line 87): Unexpected character { in "tag[1].size > {{site.featured-condition-size}}" in /_layouts/page.html[0m
[33m    Liquid Warning: Liquid syntax error (line 38): Unexpected character { in "tag[1].size > {{site.featured-condition-size}}" in /_layouts/page.html[0m
[33m    Liquid Warning: Liquid syntax error (line 87): Unexpected character { in "tag[1].size > {{site.featured-condition-size}}" in /_layouts/page.html[0m
                    done in 0.335 seconds.
 Auto-regeneration: enabled for '/home/blog/wsjwoods.github.io'
    Server address: http://0.0.0.0:4000
  Server running... press ctrl-c to stop.
      Regenerating: 1 file(s) changed at 2019-04-30 21:28:53
                    _posts/2015-07-09-js-module-7day.markdown
[31m             Error: YAML Exception reading /home/blog/wsjwoods.github.io/_posts/2015-07-09-js-module-7day.markdown: (<unknown>): found a tab character that violate intendation while scanning a plain scalar at line 10 column 7[0m
[33m    Liquid Warning: Liquid syntax error (line 50): Unexpected character & in "site.duoshuo_share && site.duoshuo_username" in /_layouts/post.html[0m
[33m    Liquid Warning: Liquid syntax error (line 125): Unexpected character { in "tag[1].size > {{site.featured-condition-size}}" in /_layouts/post.html[0m
[33m    Liquid Warning: Liquid syntax error (line 50): Unexpected character & in "site.duoshuo_share && site.duoshuo_username" in /_layouts/post.html[0m
[33m    Liquid Warning: Liquid syntax error (line 125): Unexpected character { in "tag[1].size > {{site.featured-condition-size}}" in /_layouts/post.html[0m
[33m    Liquid Warning: Liquid syntax error (line 50): Unexpected character & in "site.duoshuo_share && site.duoshuo_username" in /_layouts/post.html[0m
[33m    Liquid Warning: Liquid syntax error (line 125): Unexpected character { in "tag[1].size > {{site.featured-condition-size}}" in /_layouts/post.html[0m
[33m    Liquid Warning: Liquid syntax error (line 50): Unexpected character & in "site.duoshuo_share && site.duoshuo_username" in /_layouts/post.html[0m
[33m    Liquid Warning: Liquid syntax error (line 125): Unexpected character { in "tag[1].size > {{site.featured-condition-size}}" in /_layouts/post.html[0m
[33m    Liquid Warning: Liquid syntax error (line 38): Unexpected character { in "tag[1].size > {{site.featured-condition-size}}" in /_layouts/page.html[0m
[33m    Liquid Warning: Liquid syntax error (line 87): Unexpected character { in "tag[1].size > {{site.featured-condition-size}}" in /_layouts/page.html[0m
[33m    Liquid Warning: Liquid syntax error (line 38): Unexpected character { in "tag[1].size > {{site.featured-condition-size}}" in /_layouts/page.html[0m
[33m    Liquid Warning: Liquid syntax error (line 87): Unexpected character { in "tag[1].size > {{site.featured-condition-size}}" in /_layouts/page.html[0m
                    ...done in 0.142619551 seconds.
                    
      Regenerating: 2 file(s) changed at 2019-04-30 21:29:42
                    _posts/2015-11-09-linux-useradd-hadoop.markdown
                    _posts/2015-07-09-js-module-7day.markdown
[31m             Error: YAML Exception reading /home/blog/wsjwoods.github.io/_posts/2015-11-09-linux-useradd-hadoop.markdown: (<unknown>): found a tab character that violate intendation while scanning a plain scalar at line 10 column 7[0m
[33m    Liquid Warning: Liquid syntax error (line 50): Unexpected character & in "site.duoshuo_share && site.duoshuo_username" in /_layouts/post.html[0m
[33m    Liquid Warning: Liquid syntax error (line 125): Unexpected character { in "tag[1].size > {{site.featured-condition-size}}" in /_layouts/post.html[0m
[33m    Liquid Warning: Liquid syntax error (line 50): Unexpected character & in "site.duoshuo_share && site.duoshuo_username" in /_layouts/post.html[0m
[33m    Liquid Warning: Liquid syntax error (line 125): Unexpected character { in "tag[1].size > {{site.featured-condition-size}}" in /_layouts/post.html[0m
[33m    Liquid Warning: Liquid syntax error (line 50): Unexpected character & in "site.duoshuo_share && site.duoshuo_username" in /_layouts/post.html[0m
[33m    Liquid Warning: Liquid syntax error (line 125): Unexpected character { in "tag[1].size > {{site.featured-condition-size}}" in /_layouts/post.html[0m
[33m    Liquid Warning: Liquid syntax error (line 50): Unexpected character & in "site.duoshuo_share && site.duoshuo_username" in /_layouts/post.html[0m
[33m    Liquid Warning: Liquid syntax error (line 125): Unexpected character { in "tag[1].size > {{site.featured-condition-size}}" in /_layouts/post.html[0m
[33m    Liquid Warning: Liquid syntax error (line 38): Unexpected character { in "tag[1].size > {{site.featured-condition-size}}" in /_layouts/page.html[0m
[33m    Liquid Warning: Liquid syntax error (line 87): Unexpected character { in "tag[1].size > {{site.featured-condition-size}}" in /_layouts/page.html[0m
[33m    Liquid Warning: Liquid syntax error (line 38): Unexpected character { in "tag[1].size > {{site.featured-condition-size}}" in /_layouts/page.html[0m
[33m    Liquid Warning: Liquid syntax error (line 87): Unexpected character { in "tag[1].size > {{site.featured-condition-size}}" in /_layouts/page.html[0m
                    ...done in 0.139980574 seconds.
                    
[2019-04-30 21:29:52] ERROR `/favicon.ico' not found.
      Regenerating: 1 file(s) changed at 2019-04-30 21:31:01
                    _posts/2015-07-09-js-module-7day.markdown
[31m             Error: YAML Exception reading /home/blog/wsjwoods.github.io/_posts/2015-07-09-js-module-7day.markdown: (<unknown>): found a tab character that violate intendation while scanning a plain scalar at line 10 column 7[0m
[31m             Error: YAML Exception reading /home/blog/wsjwoods.github.io/_posts/2015-11-09-linux-useradd-hadoop.markdown: (<unknown>): found a tab character that violate intendation while scanning a plain scalar at line 10 column 7[0m
[33m    Liquid Warning: Liquid syntax error (line 50): Unexpected character & in "site.duoshuo_share && site.duoshuo_username" in /_layouts/post.html[0m
[33m    Liquid Warning: Liquid syntax error (line 125): Unexpected character { in "tag[1].size > {{site.featured-condition-size}}" in /_layouts/post.html[0m
[33m    Liquid Warning: Liquid syntax error (line 50): Unexpected character & in "site.duoshuo_share && site.duoshuo_username" in /_layouts/post.html[0m
[33m    Liquid Warning: Liquid syntax error (line 125): Unexpected character { in "tag[1].size > {{site.featured-condition-size}}" in /_layouts/post.html[0m
[33m    Liquid Warning: Liquid syntax error (line 50): Unexpected character & in "site.duoshuo_share && site.duoshuo_username" in /_layouts/post.html[0m
[33m    Liquid Warning: Liquid syntax error (line 125): Unexpected character { in "tag[1].size > {{site.featured-condition-size}}" in /_layouts/post.html[0m
[33m    Liquid Warning: Liquid syntax error (line 50): Unexpected character & in "site.duoshuo_share && site.duoshuo_username" in /_layouts/post.html[0m
[33m    Liquid Warning: Liquid syntax error (line 125): Unexpected character { in "tag[1].size > {{site.featured-condition-size}}" in /_layouts/post.html[0m
[33m    Liquid Warning: Liquid syntax error (line 38): Unexpected character { in "tag[1].size > {{site.featured-condition-size}}" in /_layouts/page.html[0m
[33m    Liquid Warning: Liquid syntax error (line 87): Unexpected character { in "tag[1].size > {{site.featured-condition-size}}" in /_layouts/page.html[0m
[33m    Liquid Warning: Liquid syntax error (line 38): Unexpected character { in "tag[1].size > {{site.featured-condition-size}}" in /_layouts/page.html[0m
[33m    Liquid Warning: Liquid syntax error (line 87): Unexpected character { in "tag[1].size > {{site.featured-condition-size}}" in /_layouts/page.html[0m
                    ...done in 0.136296178 seconds.
                    
E, [2019-04-30T21:31:36.841952 #10619] ERROR -- : run() in thread failed: invalid byte sequence in UTF-8:\n /usr/local/rvm/rubies/ruby-2.6.0/lib/ruby/2.6.0/pathname.rb:43:in `match?'
/usr/local/rvm/rubies/ruby-2.6.0/lib/ruby/2.6.0/pathname.rb:43:in `chop_basename'
/usr/local/rvm/rubies/ruby-2.6.0/lib/ruby/2.6.0/pathname.rb:359:in `plus'
/usr/local/rvm/rubies/ruby-2.6.0/lib/ruby/2.6.0/pathname.rb:351:in `+'
/usr/local/rvm/gems/ruby-2.6.0/gems/listen-3.1.5/lib/listen/adapter/linux.rb:47:in `_process_event'
/usr/local/rvm/gems/ruby-2.6.0/gems/listen-3.1.5/lib/listen/adapter/base.rb:42:in `block (2 levels) in configure'
/usr/local/rvm/gems/ruby-2.6.0/gems/rb-inotify-0.10.0/lib/rb-inotify/notifier.rb:211:in `block in watch'
/usr/local/rvm/gems/ruby-2.6.0/gems/rb-inotify-0.10.0/lib/rb-inotify/watcher.rb:41:in `callback!'
/usr/local/rvm/gems/ruby-2.6.0/gems/rb-inotify-0.10.0/lib/rb-inotify/event.rb:128:in `callback!'
/usr/local/rvm/gems/ruby-2.6.0/gems/rb-inotify-0.10.0/lib/rb-inotify/notifier.rb:253:in `block in process'
/usr/local/rvm/gems/ruby-2.6.0/gems/rb-inotify-0.10.0/lib/rb-inotify/notifier.rb:252:in `each'
/usr/local/rvm/gems/ruby-2.6.0/gems/rb-inotify-0.10.0/lib/rb-inotify/notifier.rb:252:in `process'
/usr/local/rvm/gems/ruby-2.6.0/gems/rb-inotify-0.10.0/lib/rb-inotify/notifier.rb:229:in `block in run'
/usr/local/rvm/gems/ruby-2.6.0/gems/rb-inotify-0.10.0/lib/rb-inotify/notifier.rb:226:in `synchronize'
/usr/local/rvm/gems/ruby-2.6.0/gems/rb-inotify-0.10.0/lib/rb-inotify/notifier.rb:226:in `run'
/usr/local/rvm/gems/ruby-2.6.0/gems/listen-3.1.5/lib/listen/adapter/linux.rb:39:in `_run'
/usr/local/rvm/gems/ruby-2.6.0/gems/listen-3.1.5/lib/listen/adapter/base.rb:78:in `block in start'
/usr/local/rvm/gems/ruby-2.6.0/gems/listen-3.1.5/lib/listen/internals/thread_pool.rb:6:in `block in add'\n\ncalled from:\n /usr/local/rvm/rubies/ruby-2.6.0/lib/ruby/2.6.0/forwardable.rb:230:in `start'
/usr/local/rvm/gems/ruby-2.6.0/gems/listen-3.1.5/lib/listen/listener.rb:68:in `block in <class:Listener>'
/usr/local/rvm/gems/ruby-2.6.0/gems/listen-3.1.5/lib/listen/fsm.rb:121:in `instance_eval'
/usr/local/rvm/gems/ruby-2.6.0/gems/listen-3.1.5/lib/listen/fsm.rb:121:in `call'
/usr/local/rvm/gems/ruby-2.6.0/gems/listen-3.1.5/lib/listen/fsm.rb:91:in `transition_with_callbacks!'
/usr/local/rvm/gems/ruby-2.6.0/gems/listen-3.1.5/lib/listen/fsm.rb:57:in `transition'
/usr/local/rvm/gems/ruby-2.6.0/gems/listen-3.1.5/lib/listen/listener.rb:91:in `start'
/usr/local/rvm/gems/ruby-2.6.0/gems/jekyll-watch-2.2.1/lib/jekyll/watcher.rb:26:in `watch'
/usr/local/rvm/gems/ruby-2.6.0/gems/jekyll-3.8.5/lib/jekyll/commands/build.rb:94:in `call'
/usr/local/rvm/gems/ruby-2.6.0/gems/jekyll-3.8.5/lib/jekyll/commands/build.rb:94:in `watch'
/usr/local/rvm/gems/ruby-2.6.0/gems/jekyll-3.8.5/lib/jekyll/commands/build.rb:43:in `process'
/usr/local/rvm/gems/ruby-2.6.0/gems/jekyll-3.8.5/lib/jekyll/commands/serve.rb:93:in `block in start'
/usr/local/rvm/gems/ruby-2.6.0/gems/jekyll-3.8.5/lib/jekyll/commands/serve.rb:93:in `each'
/usr/local/rvm/gems/ruby-2.6.0/gems/jekyll-3.8.5/lib/jekyll/commands/serve.rb:93:in `start'
/usr/local/rvm/gems/ruby-2.6.0/gems/jekyll-3.8.5/lib/jekyll/commands/serve.rb:75:in `block (2 levels) in init_with_program'
/usr/local/rvm/gems/ruby-2.6.0/gems/mercenary-0.3.6/lib/mercenary/command.rb:220:in `block in execute'
/usr/local/rvm/gems/ruby-2.6.0/gems/mercenary-0.3.6/lib/mercenary/command.rb:220:in `each'
/usr/local/rvm/gems/ruby-2.6.0/gems/mercenary-0.3.6/lib/mercenary/command.rb:220:in `execute'
/usr/local/rvm/gems/ruby-2.6.0/gems/mercenary-0.3.6/lib/mercenary/program.rb:42:in `go'
/usr/local/rvm/gems/ruby-2.6.0/gems/mercenary-0.3.6/lib/mercenary.rb:19:in `program'
/usr/local/rvm/gems/ruby-2.6.0/gems/jekyll-3.8.5/exe/jekyll:15:in `<top (required)>'
/usr/local/rvm/gems/ruby-2.6.0/bin/jekyll:23:in `load'
/usr/local/rvm/gems/ruby-2.6.0/bin/jekyll:23:in `<main>'
/usr/local/rvm/gems/ruby-2.6.0/bin/ruby_executable_hooks:24:in `eval'
/usr/local/rvm/gems/ruby-2.6.0/bin/ruby_executable_hooks:24:in `<main>'
#<Thread:0x00000000031790c8@/usr/local/rvm/gems/ruby-2.6.0/gems/listen-3.1.5/lib/listen/internals/thread_pool.rb:6 run> terminated with exception (report_on_exception is true):
/usr/local/rvm/rubies/ruby-2.6.0/lib/ruby/2.6.0/pathname.rb:43:in `match?': invalid byte sequence in UTF-8 (ArgumentError)
	from /usr/local/rvm/rubies/ruby-2.6.0/lib/ruby/2.6.0/pathname.rb:43:in `chop_basename'
	from /usr/local/rvm/rubies/ruby-2.6.0/lib/ruby/2.6.0/pathname.rb:359:in `plus'
	from /usr/local/rvm/rubies/ruby-2.6.0/lib/ruby/2.6.0/pathname.rb:351:in `+'
	from /usr/local/rvm/gems/ruby-2.6.0/gems/listen-3.1.5/lib/listen/adapter/linux.rb:47:in `_process_event'
	from /usr/local/rvm/gems/ruby-2.6.0/gems/listen-3.1.5/lib/listen/adapter/base.rb:42:in `block (2 levels) in configure'
	from /usr/local/rvm/gems/ruby-2.6.0/gems/rb-inotify-0.10.0/lib/rb-inotify/notifier.rb:211:in `block in watch'
	from /usr/local/rvm/gems/ruby-2.6.0/gems/rb-inotify-0.10.0/lib/rb-inotify/watcher.rb:41:in `callback!'
	from /usr/local/rvm/gems/ruby-2.6.0/gems/rb-inotify-0.10.0/lib/rb-inotify/event.rb:128:in `callback!'
	from /usr/local/rvm/gems/ruby-2.6.0/gems/rb-inotify-0.10.0/lib/rb-inotify/notifier.rb:253:in `block in process'
	from /usr/local/rvm/gems/ruby-2.6.0/gems/rb-inotify-0.10.0/lib/rb-inotify/notifier.rb:252:in `each'
	from /usr/local/rvm/gems/ruby-2.6.0/gems/rb-inotify-0.10.0/lib/rb-inotify/notifier.rb:252:in `process'
	from /usr/local/rvm/gems/ruby-2.6.0/gems/rb-inotify-0.10.0/lib/rb-inotify/notifier.rb:229:in `block in run'
	from /usr/local/rvm/gems/ruby-2.6.0/gems/rb-inotify-0.10.0/lib/rb-inotify/notifier.rb:226:in `synchronize'
	from /usr/local/rvm/gems/ruby-2.6.0/gems/rb-inotify-0.10.0/lib/rb-inotify/notifier.rb:226:in `run'
	from /usr/local/rvm/gems/ruby-2.6.0/gems/listen-3.1.5/lib/listen/adapter/linux.rb:39:in `_run'
	from /usr/local/rvm/gems/ruby-2.6.0/gems/listen-3.1.5/lib/listen/adapter/base.rb:78:in `block in start'
	from /usr/local/rvm/gems/ruby-2.6.0/gems/listen-3.1.5/lib/listen/internals/thread_pool.rb:6:in `block in add'
